2023-09-21T00:00:34.463+08:00  INFO 167642 --- [File Watcher] rtingClassPathChangeChangedEventListener : Restarting due to 1 class path change (0 additions, 0 deletions, 1 modification)
2023-09-21T00:00:34.479+08:00  INFO 167642 --- [Thread-88] o.apache.catalina.core.StandardService   : Stopping service [Tomcat]
2023-09-21T00:00:34.480+08:00  INFO 167642 --- [Thread-88] o.a.c.c.C.[Tomcat].[localhost].[/]       : Destroying Spring FrameworkServlet 'dispatcherServlet'
2023-09-21T00:00:34.494+08:00  INFO 167642 --- [Thread-88] j.LocalContainerEntityManagerFactoryBean : Closing JPA EntityManagerFactory for persistence unit 'default'
2023-09-21T00:00:34.697+08:00  WARN 167642 --- [Thread-88] o.s.b.f.support.DisposableBeanAdapter    : Invocation of destroy method failed on bean with name 'inMemoryDatabaseShutdownExecutor': org.h2.jdbc.JdbcSQLNonTransientConnectionException: Database is already closed (to disable automatic closing at VM shutdown, add ";DB_CLOSE_ON_EXIT=FALSE" to the db URL) [90121-214]
2023-09-21T00:00:34.698+08:00  INFO 167642 --- [Thread-88] com.zaxxer.hikari.HikariDataSource       : HikariPool-22 - Shutdown initiated...
2023-09-21T00:00:34.698+08:00  INFO 167642 --- [Thread-88] com.zaxxer.hikari.HikariDataSource       : HikariPool-22 - Shutdown completed.
2023-09-21T00:00:34.797+08:00  INFO 167642 --- [restartedMain] c.e.bubblesort.BubblesortApplication     : Starting BubblesortApplication using Java 17.0.8.1 with PID 167642 (/home/erzhena/workspace/bubblesort/bubblesort/target/classes started by erzhena in /home/erzhena/workspace/bubblesort)
2023-09-21T00:00:34.798+08:00  INFO 167642 --- [restartedMain] c.e.bubblesort.BubblesortApplication     : No active profile set, falling back to 1 default profile: "default"
2023-09-21T00:00:34.919+08:00  INFO 167642 --- [restartedMain] .s.d.r.c.RepositoryConfigurationDelegate : Multiple Spring Data modules found, entering strict repository configuration mode
2023-09-21T00:00:34.919+08:00  INFO 167642 --- [restartedMain] .s.d.r.c.RepositoryConfigurationDelegate : Bootstrapping Spring Data JDBC repositories in DEFAULT mode.
2023-09-21T00:00:34.921+08:00  INFO 167642 --- [restartedMain] .RepositoryConfigurationExtensionSupport : Spring Data JDBC - Could not safely identify store assignment for repository candidate interface com.example.bubblesort.BubbleRepository; If you want this repository to be a JDBC repository, consider annotating your entities with one of these annotations: org.springframework.data.relational.core.mapping.Table.
2023-09-21T00:00:34.921+08:00  INFO 167642 --- [restartedMain] .s.d.r.c.RepositoryConfigurationDelegate : Finished Spring Data repository scanning in 1 ms. Found 0 JDBC repository interfaces.
2023-09-21T00:00:34.923+08:00  INFO 167642 --- [restartedMain] .s.d.r.c.RepositoryConfigurationDelegate : Multiple Spring Data modules found, entering strict repository configuration mode
2023-09-21T00:00:34.923+08:00  INFO 167642 --- [restartedMain] .s.d.r.c.RepositoryConfigurationDelegate : Bootstrapping Spring Data JPA repositories in DEFAULT mode.
2023-09-21T00:00:34.926+08:00  INFO 167642 --- [restartedMain] .s.d.r.c.RepositoryConfigurationDelegate : Finished Spring Data repository scanning in 2 ms. Found 1 JPA repository interfaces.
2023-09-21T00:00:34.995+08:00  INFO 167642 --- [restartedMain] o.s.b.w.embedded.tomcat.TomcatWebServer  : Tomcat initialized with port(s): 8080 (http)
2023-09-21T00:00:34.996+08:00  INFO 167642 --- [restartedMain] o.apache.catalina.core.StandardService   : Starting service [Tomcat]
2023-09-21T00:00:34.997+08:00  INFO 167642 --- [restartedMain] o.apache.catalina.core.StandardEngine    : Starting Servlet engine: [Apache Tomcat/10.1.12]
2023-09-21T00:00:35.006+08:00  INFO 167642 --- [restartedMain] o.a.c.c.C.[Tomcat].[localhost].[/]       : Initializing Spring embedded WebApplicationContext
2023-09-21T00:00:35.006+08:00  INFO 167642 --- [restartedMain] w.s.c.ServletWebServerApplicationContext : Root WebApplicationContext: initialization completed in 206 ms
2023-09-21T00:00:35.018+08:00  INFO 167642 --- [restartedMain] com.zaxxer.hikari.HikariDataSource       : HikariPool-23 - Starting...
2023-09-21T00:00:35.020+08:00  INFO 167642 --- [restartedMain] com.zaxxer.hikari.pool.HikariPool        : HikariPool-23 - Added connection conn220: url=jdbc:h2:mem:testdb user=SA
2023-09-21T00:00:35.021+08:00  INFO 167642 --- [restartedMain] com.zaxxer.hikari.HikariDataSource       : HikariPool-23 - Start completed.
2023-09-21T00:00:35.021+08:00  INFO 167642 --- [restartedMain] o.s.b.a.h2.H2ConsoleAutoConfiguration    : H2 console available at '/h2'. Database available at 'jdbc:h2:mem:testdb'
2023-09-21T00:00:35.044+08:00  INFO 167642 --- [restartedMain] o.hibernate.jpa.internal.util.LogHelper  : HHH000204: Processing PersistenceUnitInfo [name: default]
2023-09-21T00:00:35.049+08:00  INFO 167642 --- [restartedMain] o.h.b.i.BytecodeProviderInitiator        : HHH000021: Bytecode provider name : bytebuddy
2023-09-21T00:00:35.049+08:00  INFO 167642 --- [restartedMain] o.s.o.j.p.SpringPersistenceUnitInfo      : No LoadTimeWeaver setup: ignoring JPA class transformer
2023-09-21T00:00:35.061+08:00  INFO 167642 --- [restartedMain] o.h.b.i.BytecodeProviderInitiator        : HHH000021: Bytecode provider name : bytebuddy
2023-09-21T00:00:35.089+08:00  INFO 167642 --- [restartedMain] o.h.e.t.j.p.i.JtaPlatformInitiator       : HHH000490: Using JtaPlatform implementation: [org.hibernate.engine.transaction.jta.platform.internal.NoJtaPlatform]
2023-09-21T00:00:35.092+08:00  INFO 167642 --- [restartedMain] j.LocalContainerEntityManagerFactoryBean : Initialized JPA EntityManagerFactory for persistence unit 'default'
2023-09-21T00:00:35.149+08:00  WARN 167642 --- [restartedMain] JpaBaseConfiguration$JpaWebConfiguration : spring.jpa.open-in-view is enabled by default. Therefore, database queries may be performed during view rendering. Explicitly configure spring.jpa.open-in-view to disable this warning
2023-09-21T00:00:35.265+08:00  INFO 167642 --- [restartedMain] o.s.b.d.a.OptionalLiveReloadServer       : LiveReload server is running on port 35729
2023-09-21T00:00:35.273+08:00  INFO 167642 --- [restartedMain] o.s.b.w.embedded.tomcat.TomcatWebServer  : Tomcat started on port(s): 8080 (http) with context path ''
2023-09-21T00:00:35.277+08:00  INFO 167642 --- [restartedMain] c.e.bubblesort.BubblesortApplication     : Started BubblesortApplication in 0.503 seconds (process running for 1961.921)
2023-09-21T00:00:35.279+08:00  INFO 167642 --- [restartedMain] .ConditionEvaluationDeltaLoggingListener : Condition evaluation unchanged
2023-09-21T00:00:37.996+08:00  INFO 167642 --- [http-nio-8080-exec-1] o.a.c.c.C.[Tomcat].[localhost].[/]       : Initializing Spring DispatcherServlet 'dispatcherServlet'
2023-09-21T00:00:37.996+08:00  INFO 167642 --- [http-nio-8080-exec-1] o.s.web.servlet.DispatcherServlet        : Initializing Servlet 'dispatcherServlet'
2023-09-21T00:00:37.998+08:00  INFO 167642 --- [http-nio-8080-exec-1] o.s.web.servlet.DispatcherServlet        : Completed initialization in 2 ms
2023-09-21T00:02:48.868+08:00  INFO 167642 --- [File Watcher] rtingClassPathChangeChangedEventListener : Restarting due to 1 class path change (0 additions, 0 deletions, 1 modification)
2023-09-21T00:02:48.871+08:00  INFO 167642 --- [Thread-92] o.apache.catalina.core.StandardService   : Stopping service [Tomcat]
2023-09-21T00:02:48.872+08:00  INFO 167642 --- [Thread-92] o.a.c.c.C.[Tomcat].[localhost].[/]       : Destroying Spring FrameworkServlet 'dispatcherServlet'
2023-09-21T00:02:48.876+08:00  INFO 167642 --- [Thread-92] j.LocalContainerEntityManagerFactoryBean : Closing JPA EntityManagerFactory for persistence unit 'default'
2023-09-21T00:02:49.079+08:00  WARN 167642 --- [Thread-92] o.s.b.f.support.DisposableBeanAdapter    : Invocation of destroy method failed on bean with name 'inMemoryDatabaseShutdownExecutor': org.h2.jdbc.JdbcSQLNonTransientConnectionException: Database is already closed (to disable automatic closing at VM shutdown, add ";DB_CLOSE_ON_EXIT=FALSE" to the db URL) [90121-214]
2023-09-21T00:02:49.079+08:00  INFO 167642 --- [Thread-92] com.zaxxer.hikari.HikariDataSource       : HikariPool-23 - Shutdown initiated...
2023-09-21T00:02:49.080+08:00  INFO 167642 --- [Thread-92] com.zaxxer.hikari.HikariDataSource       : HikariPool-23 - Shutdown completed.
2023-09-21T00:02:49.201+08:00  INFO 167642 --- [restartedMain] c.e.bubblesort.BubblesortApplication     : Starting BubblesortApplication using Java 17.0.8.1 with PID 167642 (/home/erzhena/workspace/bubblesort/bubblesort/target/classes started by erzhena in /home/erzhena/workspace/bubblesort)
2023-09-21T00:02:49.202+08:00  INFO 167642 --- [restartedMain] c.e.bubblesort.BubblesortApplication     : No active profile set, falling back to 1 default profile: "default"
2023-09-21T00:02:49.345+08:00  INFO 167642 --- [restartedMain] .s.d.r.c.RepositoryConfigurationDelegate : Multiple Spring Data modules found, entering strict repository configuration mode
2023-09-21T00:02:49.345+08:00  INFO 167642 --- [restartedMain] .s.d.r.c.RepositoryConfigurationDelegate : Bootstrapping Spring Data JDBC repositories in DEFAULT mode.
2023-09-21T00:02:49.347+08:00  INFO 167642 --- [restartedMain] .RepositoryConfigurationExtensionSupport : Spring Data JDBC - Could not safely identify store assignment for repository candidate interface com.example.bubblesort.BubbleRepository; If you want this repository to be a JDBC repository, consider annotating your entities with one of these annotations: org.springframework.data.relational.core.mapping.Table.
2023-09-21T00:02:49.347+08:00  INFO 167642 --- [restartedMain] .s.d.r.c.RepositoryConfigurationDelegate : Finished Spring Data repository scanning in 2 ms. Found 0 JDBC repository interfaces.
2023-09-21T00:02:49.350+08:00  INFO 167642 --- [restartedMain] .s.d.r.c.RepositoryConfigurationDelegate : Multiple Spring Data modules found, entering strict repository configuration mode
2023-09-21T00:02:49.350+08:00  INFO 167642 --- [restartedMain] .s.d.r.c.RepositoryConfigurationDelegate : Bootstrapping Spring Data JPA repositories in DEFAULT mode.
2023-09-21T00:02:49.354+08:00  INFO 167642 --- [restartedMain] .s.d.r.c.RepositoryConfigurationDelegate : Finished Spring Data repository scanning in 3 ms. Found 1 JPA repository interfaces.
2023-09-21T00:02:49.428+08:00  INFO 167642 --- [restartedMain] o.s.b.w.embedded.tomcat.TomcatWebServer  : Tomcat initialized with port(s): 8080 (http)
2023-09-21T00:02:49.429+08:00  INFO 167642 --- [restartedMain] o.apache.catalina.core.StandardService   : Starting service [Tomcat]
2023-09-21T00:02:49.429+08:00  INFO 167642 --- [restartedMain] o.apache.catalina.core.StandardEngine    : Starting Servlet engine: [Apache Tomcat/10.1.12]
2023-09-21T00:02:49.440+08:00  INFO 167642 --- [restartedMain] o.a.c.c.C.[Tomcat].[localhost].[/]       : Initializing Spring embedded WebApplicationContext
2023-09-21T00:02:49.440+08:00  INFO 167642 --- [restartedMain] w.s.c.ServletWebServerApplicationContext : Root WebApplicationContext: initialization completed in 235 ms
2023-09-21T00:02:49.455+08:00  INFO 167642 --- [restartedMain] com.zaxxer.hikari.HikariDataSource       : HikariPool-24 - Starting...
2023-09-21T00:02:49.458+08:00  INFO 167642 --- [restartedMain] com.zaxxer.hikari.pool.HikariPool        : HikariPool-24 - Added connection conn230: url=jdbc:h2:mem:testdb user=SA
2023-09-21T00:02:49.458+08:00  INFO 167642 --- [restartedMain] com.zaxxer.hikari.HikariDataSource       : HikariPool-24 - Start completed.
2023-09-21T00:02:49.458+08:00  INFO 167642 --- [restartedMain] o.s.b.a.h2.H2ConsoleAutoConfiguration    : H2 console available at '/h2'. Database available at 'jdbc:h2:mem:testdb'
2023-09-21T00:02:49.493+08:00  INFO 167642 --- [restartedMain] o.hibernate.jpa.internal.util.LogHelper  : HHH000204: Processing PersistenceUnitInfo [name: default]
2023-09-21T00:02:49.499+08:00  INFO 167642 --- [restartedMain] o.h.b.i.BytecodeProviderInitiator        : HHH000021: Bytecode provider name : bytebuddy
2023-09-21T00:02:49.500+08:00  INFO 167642 --- [restartedMain] o.s.o.j.p.SpringPersistenceUnitInfo      : No LoadTimeWeaver setup: ignoring JPA class transformer
2023-09-21T00:02:49.512+08:00  INFO 167642 --- [restartedMain] o.h.b.i.BytecodeProviderInitiator        : HHH000021: Bytecode provider name : bytebuddy
2023-09-21T00:02:49.553+08:00  INFO 167642 --- [restartedMain] o.h.e.t.j.p.i.JtaPlatformInitiator       : HHH000490: Using JtaPlatform implementation: [org.hibernate.engine.transaction.jta.platform.internal.NoJtaPlatform]
2023-09-21T00:02:49.561+08:00  INFO 167642 --- [restartedMain] j.LocalContainerEntityManagerFactoryBean : Initialized JPA EntityManagerFactory for persistence unit 'default'
2023-09-21T00:02:49.638+08:00  WARN 167642 --- [restartedMain] JpaBaseConfiguration$JpaWebConfiguration : spring.jpa.open-in-view is enabled by default. Therefore, database queries may be performed during view rendering. Explicitly configure spring.jpa.open-in-view to disable this warning
2023-09-21T00:02:49.756+08:00  INFO 167642 --- [restartedMain] o.s.b.d.a.OptionalLiveReloadServer       : LiveReload server is running on port 35729
2023-09-21T00:02:49.764+08:00  INFO 167642 --- [restartedMain] o.s.b.w.embedded.tomcat.TomcatWebServer  : Tomcat started on port(s): 8080 (http) with context path ''
2023-09-21T00:02:49.768+08:00  INFO 167642 --- [restartedMain] c.e.bubblesort.BubblesortApplication     : Started BubblesortApplication in 0.594 seconds (process running for 2096.412)
2023-09-21T00:02:49.769+08:00  INFO 167642 --- [restartedMain] .ConditionEvaluationDeltaLoggingListener : Condition evaluation unchanged
2023-09-21T00:03:02.169+08:00  INFO 167642 --- [File Watcher] rtingClassPathChangeChangedEventListener : Restarting due to 1 class path change (0 additions, 0 deletions, 1 modification)
2023-09-21T00:03:02.171+08:00  INFO 167642 --- [Thread-96] o.apache.catalina.core.StandardService   : Stopping service [Tomcat]
2023-09-21T00:03:02.176+08:00  INFO 167642 --- [Thread-96] j.LocalContainerEntityManagerFactoryBean : Closing JPA EntityManagerFactory for persistence unit 'default'
2023-09-21T00:03:02.379+08:00  WARN 167642 --- [Thread-96] o.s.b.f.support.DisposableBeanAdapter    : Invocation of destroy method failed on bean with name 'inMemoryDatabaseShutdownExecutor': org.h2.jdbc.JdbcSQLNonTransientConnectionException: Database is already closed (to disable automatic closing at VM shutdown, add ";DB_CLOSE_ON_EXIT=FALSE" to the db URL) [90121-214]
2023-09-21T00:03:02.380+08:00  INFO 167642 --- [Thread-96] com.zaxxer.hikari.HikariDataSource       : HikariPool-24 - Shutdown initiated...
2023-09-21T00:03:02.382+08:00  INFO 167642 --- [Thread-96] com.zaxxer.hikari.HikariDataSource       : HikariPool-24 - Shutdown completed.
2023-09-21T00:03:02.567+08:00  INFO 167642 --- [restartedMain] c.e.bubblesort.BubblesortApplication     : Starting BubblesortApplication using Java 17.0.8.1 with PID 167642 (/home/erzhena/workspace/bubblesort/bubblesort/target/classes started by erzhena in /home/erzhena/workspace/bubblesort)
2023-09-21T00:03:02.568+08:00  INFO 167642 --- [restartedMain] c.e.bubblesort.BubblesortApplication     : No active profile set, falling back to 1 default profile: "default"
2023-09-21T00:03:02.711+08:00  INFO 167642 --- [restartedMain] .s.d.r.c.RepositoryConfigurationDelegate : Multiple Spring Data modules found, entering strict repository configuration mode
2023-09-21T00:03:02.711+08:00  INFO 167642 --- [restartedMain] .s.d.r.c.RepositoryConfigurationDelegate : Bootstrapping Spring Data JDBC repositories in DEFAULT mode.
2023-09-21T00:03:02.714+08:00  INFO 167642 --- [restartedMain] .RepositoryConfigurationExtensionSupport : Spring Data JDBC - Could not safely identify store assignment for repository candidate interface com.example.bubblesort.BubbleRepository; If you want this repository to be a JDBC repository, consider annotating your entities with one of these annotations: org.springframework.data.relational.core.mapping.Table.
2023-09-21T00:03:02.714+08:00  INFO 167642 --- [restartedMain] .s.d.r.c.RepositoryConfigurationDelegate : Finished Spring Data repository scanning in 3 ms. Found 0 JDBC repository interfaces.
2023-09-21T00:03:02.720+08:00  INFO 167642 --- [restartedMain] .s.d.r.c.RepositoryConfigurationDelegate : Multiple Spring Data modules found, entering strict repository configuration mode
2023-09-21T00:03:02.720+08:00  INFO 167642 --- [restartedMain] .s.d.r.c.RepositoryConfigurationDelegate : Bootstrapping Spring Data JPA repositories in DEFAULT mode.
2023-09-21T00:03:02.723+08:00  INFO 167642 --- [restartedMain] .s.d.r.c.RepositoryConfigurationDelegate : Finished Spring Data repository scanning in 2 ms. Found 1 JPA repository interfaces.
2023-09-21T00:03:02.823+08:00  INFO 167642 --- [restartedMain] o.s.b.w.embedded.tomcat.TomcatWebServer  : Tomcat initialized with port(s): 8080 (http)
2023-09-21T00:03:02.824+08:00  INFO 167642 --- [restartedMain] o.apache.catalina.core.StandardService   : Starting service [Tomcat]
2023-09-21T00:03:02.824+08:00  INFO 167642 --- [restartedMain] o.apache.catalina.core.StandardEngine    : Starting Servlet engine: [Apache Tomcat/10.1.12]
2023-09-21T00:03:02.835+08:00  INFO 167642 --- [restartedMain] o.a.c.c.C.[Tomcat].[localhost].[/]       : Initializing Spring embedded WebApplicationContext
2023-09-21T00:03:02.836+08:00  INFO 167642 --- [restartedMain] w.s.c.ServletWebServerApplicationContext : Root WebApplicationContext: initialization completed in 265 ms
2023-09-21T00:03:02.849+08:00  INFO 167642 --- [restartedMain] com.zaxxer.hikari.HikariDataSource       : HikariPool-25 - Starting...
2023-09-21T00:03:02.853+08:00  INFO 167642 --- [restartedMain] com.zaxxer.hikari.pool.HikariPool        : HikariPool-25 - Added connection conn240: url=jdbc:h2:mem:testdb user=SA
2023-09-21T00:03:02.853+08:00  INFO 167642 --- [restartedMain] com.zaxxer.hikari.HikariDataSource       : HikariPool-25 - Start completed.
2023-09-21T00:03:02.853+08:00  INFO 167642 --- [restartedMain] o.s.b.a.h2.H2ConsoleAutoConfiguration    : H2 console available at '/h2'. Database available at 'jdbc:h2:mem:testdb'
2023-09-21T00:03:02.893+08:00  INFO 167642 --- [restartedMain] o.hibernate.jpa.internal.util.LogHelper  : HHH000204: Processing PersistenceUnitInfo [name: default]
2023-09-21T00:03:02.901+08:00  INFO 167642 --- [restartedMain] o.h.b.i.BytecodeProviderInitiator        : HHH000021: Bytecode provider name : bytebuddy
2023-09-21T00:03:02.902+08:00  INFO 167642 --- [restartedMain] o.s.o.j.p.SpringPersistenceUnitInfo      : No LoadTimeWeaver setup: ignoring JPA class transformer
2023-09-21T00:03:02.907+08:00  INFO 167642 --- [restartedMain] o.h.b.i.BytecodeProviderInitiator        : HHH000021: Bytecode provider name : bytebuddy
2023-09-21T00:03:02.924+08:00  INFO 167642 --- [restartedMain] o.h.e.t.j.p.i.JtaPlatformInitiator       : HHH000490: Using JtaPlatform implementation: [org.hibernate.engine.transaction.jta.platform.internal.NoJtaPlatform]
2023-09-21T00:03:02.927+08:00  INFO 167642 --- [restartedMain] j.LocalContainerEntityManagerFactoryBean : Initialized JPA EntityManagerFactory for persistence unit 'default'
2023-09-21T00:03:02.974+08:00  WARN 167642 --- [restartedMain] JpaBaseConfiguration$JpaWebConfiguration : spring.jpa.open-in-view is enabled by default. Therefore, database queries may be performed during view rendering. Explicitly configure spring.jpa.open-in-view to disable this warning
2023-09-21T00:03:03.047+08:00  INFO 167642 --- [restartedMain] o.s.b.d.a.OptionalLiveReloadServer       : LiveReload server is running on port 35729
2023-09-21T00:03:03.053+08:00  INFO 167642 --- [restartedMain] o.s.b.w.embedded.tomcat.TomcatWebServer  : Tomcat started on port(s): 8080 (http) with context path ''
2023-09-21T00:03:03.057+08:00  INFO 167642 --- [restartedMain] c.e.bubblesort.BubblesortApplication     : Started BubblesortApplication in 0.52 seconds (process running for 2109.701)
2023-09-21T00:03:03.058+08:00  INFO 167642 --- [restartedMain] .ConditionEvaluationDeltaLoggingListener : Condition evaluation unchanged
2023-09-21T00:03:04.910+08:00  INFO 167642 --- [http-nio-8080-exec-1] o.a.c.c.C.[Tomcat].[localhost].[/]       : Initializing Spring DispatcherServlet 'dispatcherServlet'
2023-09-21T00:03:04.911+08:00  INFO 167642 --- [http-nio-8080-exec-1] o.s.web.servlet.DispatcherServlet        : Initializing Servlet 'dispatcherServlet'
2023-09-21T00:03:04.914+08:00  INFO 167642 --- [http-nio-8080-exec-1] o.s.web.servlet.DispatcherServlet        : Completed initialization in 3 ms
2023-09-21T00:03:35.584+08:00  INFO 167642 --- [File Watcher] rtingClassPathChangeChangedEventListener : Restarting due to 1 class path change (0 additions, 0 deletions, 1 modification)
2023-09-21T00:03:35.587+08:00  INFO 167642 --- [Thread-100] o.apache.catalina.core.StandardService   : Stopping service [Tomcat]
2023-09-21T00:03:35.587+08:00  INFO 167642 --- [Thread-100] o.a.c.c.C.[Tomcat].[localhost].[/]       : Destroying Spring FrameworkServlet 'dispatcherServlet'
2023-09-21T00:03:35.591+08:00  INFO 167642 --- [Thread-100] j.LocalContainerEntityManagerFactoryBean : Closing JPA EntityManagerFactory for persistence unit 'default'
2023-09-21T00:03:35.793+08:00  WARN 167642 --- [Thread-100] o.s.b.f.support.DisposableBeanAdapter    : Invocation of destroy method failed on bean with name 'inMemoryDatabaseShutdownExecutor': org.h2.jdbc.JdbcSQLNonTransientConnectionException: Database is already closed (to disable automatic closing at VM shutdown, add ";DB_CLOSE_ON_EXIT=FALSE" to the db URL) [90121-214]
2023-09-21T00:03:35.794+08:00  INFO 167642 --- [Thread-100] com.zaxxer.hikari.HikariDataSource       : HikariPool-25 - Shutdown initiated...
2023-09-21T00:03:35.795+08:00  INFO 167642 --- [Thread-100] com.zaxxer.hikari.HikariDataSource       : HikariPool-25 - Shutdown completed.
2023-09-21T00:03:35.937+08:00  INFO 167642 --- [restartedMain] c.e.bubblesort.BubblesortApplication     : Starting BubblesortApplication using Java 17.0.8.1 with PID 167642 (/home/erzhena/workspace/bubblesort/bubblesort/target/classes started by erzhena in /home/erzhena/workspace/bubblesort)
2023-09-21T00:03:35.938+08:00  INFO 167642 --- [restartedMain] c.e.bubblesort.BubblesortApplication     : No active profile set, falling back to 1 default profile: "default"
2023-09-21T00:03:36.114+08:00  INFO 167642 --- [restartedMain] .s.d.r.c.RepositoryConfigurationDelegate : Multiple Spring Data modules found, entering strict repository configuration mode
2023-09-21T00:03:36.115+08:00  INFO 167642 --- [restartedMain] .s.d.r.c.RepositoryConfigurationDelegate : Bootstrapping Spring Data JDBC repositories in DEFAULT mode.
2023-09-21T00:03:36.118+08:00  INFO 167642 --- [restartedMain] .RepositoryConfigurationExtensionSupport : Spring Data JDBC - Could not safely identify store assignment for repository candidate interface com.example.bubblesort.BubbleRepository; If you want this repository to be a JDBC repository, consider annotating your entities with one of these annotations: org.springframework.data.relational.core.mapping.Table.
2023-09-21T00:03:36.118+08:00  INFO 167642 --- [restartedMain] .s.d.r.c.RepositoryConfigurationDelegate : Finished Spring Data repository scanning in 3 ms. Found 0 JDBC repository interfaces.
2023-09-21T00:03:36.122+08:00  INFO 167642 --- [restartedMain] .s.d.r.c.RepositoryConfigurationDelegate : Multiple Spring Data modules found, entering strict repository configuration mode
2023-09-21T00:03:36.122+08:00  INFO 167642 --- [restartedMain] .s.d.r.c.RepositoryConfigurationDelegate : Bootstrapping Spring Data JPA repositories in DEFAULT mode.
2023-09-21T00:03:36.127+08:00  INFO 167642 --- [restartedMain] .s.d.r.c.RepositoryConfigurationDelegate : Finished Spring Data repository scanning in 4 ms. Found 1 JPA repository interfaces.
2023-09-21T00:03:36.230+08:00  INFO 167642 --- [restartedMain] o.s.b.w.embedded.tomcat.TomcatWebServer  : Tomcat initialized with port(s): 8080 (http)
2023-09-21T00:03:36.230+08:00  INFO 167642 --- [restartedMain] o.apache.catalina.core.StandardService   : Starting service [Tomcat]
2023-09-21T00:03:36.230+08:00  INFO 167642 --- [restartedMain] o.apache.catalina.core.StandardEngine    : Starting Servlet engine: [Apache Tomcat/10.1.12]
2023-09-21T00:03:36.240+08:00  INFO 167642 --- [restartedMain] o.a.c.c.C.[Tomcat].[localhost].[/]       : Initializing Spring embedded WebApplicationContext
2023-09-21T00:03:36.240+08:00  INFO 167642 --- [restartedMain] w.s.c.ServletWebServerApplicationContext : Root WebApplicationContext: initialization completed in 298 ms
2023-09-21T00:03:36.257+08:00  INFO 167642 --- [restartedMain] com.zaxxer.hikari.HikariDataSource       : HikariPool-26 - Starting...
2023-09-21T00:03:36.260+08:00  INFO 167642 --- [restartedMain] com.zaxxer.hikari.pool.HikariPool        : HikariPool-26 - Added connection conn250: url=jdbc:h2:mem:testdb user=SA
2023-09-21T00:03:36.260+08:00  INFO 167642 --- [restartedMain] com.zaxxer.hikari.HikariDataSource       : HikariPool-26 - Start completed.
2023-09-21T00:03:36.260+08:00  INFO 167642 --- [restartedMain] o.s.b.a.h2.H2ConsoleAutoConfiguration    : H2 console available at '/h2'. Database available at 'jdbc:h2:mem:testdb'
2023-09-21T00:03:36.313+08:00  INFO 167642 --- [restartedMain] o.hibernate.jpa.internal.util.LogHelper  : HHH000204: Processing PersistenceUnitInfo [name: default]
2023-09-21T00:03:36.322+08:00  INFO 167642 --- [restartedMain] o.h.b.i.BytecodeProviderInitiator        : HHH000021: Bytecode provider name : bytebuddy
2023-09-21T00:03:36.322+08:00  INFO 167642 --- [restartedMain] o.s.o.j.p.SpringPersistenceUnitInfo      : No LoadTimeWeaver setup: ignoring JPA class transformer
2023-09-21T00:03:36.337+08:00  INFO 167642 --- [restartedMain] o.h.b.i.BytecodeProviderInitiator        : HHH000021: Bytecode provider name : bytebuddy
2023-09-21T00:03:36.393+08:00  INFO 167642 --- [restartedMain] o.h.e.t.j.p.i.JtaPlatformInitiator       : HHH000490: Using JtaPlatform implementation: [org.hibernate.engine.transaction.jta.platform.internal.NoJtaPlatform]
2023-09-21T00:03:36.398+08:00  INFO 167642 --- [restartedMain] j.LocalContainerEntityManagerFactoryBean : Initialized JPA EntityManagerFactory for persistence unit 'default'
2023-09-21T00:03:36.469+08:00  WARN 167642 --- [restartedMain] JpaBaseConfiguration$JpaWebConfiguration : spring.jpa.open-in-view is enabled by default. Therefore, database queries may be performed during view rendering. Explicitly configure spring.jpa.open-in-view to disable this warning
2023-09-21T00:03:36.566+08:00  INFO 167642 --- [restartedMain] o.s.b.d.a.OptionalLiveReloadServer       : LiveReload server is running on port 35729
2023-09-21T00:03:36.573+08:00  INFO 167642 --- [restartedMain] o.s.b.w.embedded.tomcat.TomcatWebServer  : Tomcat started on port(s): 8080 (http) with context path ''
2023-09-21T00:03:36.576+08:00  INFO 167642 --- [restartedMain] c.e.bubblesort.BubblesortApplication     : Started BubblesortApplication in 0.676 seconds (process running for 2143.22)
2023-09-21T00:03:36.577+08:00  INFO 167642 --- [restartedMain] .ConditionEvaluationDeltaLoggingListener : Condition evaluation unchanged
2023-09-21T00:03:41.606+08:00  INFO 167642 --- [http-nio-8080-exec-1] o.a.c.c.C.[Tomcat].[localhost].[/]       : Initializing Spring DispatcherServlet 'dispatcherServlet'
2023-09-21T00:03:41.606+08:00  INFO 167642 --- [http-nio-8080-exec-1] o.s.web.servlet.DispatcherServlet        : Initializing Servlet 'dispatcherServlet'
2023-09-21T00:03:41.607+08:00  INFO 167642 --- [http-nio-8080-exec-1] o.s.web.servlet.DispatcherServlet        : Completed initialization in 1 ms
